Build started 3/8/2014 1:04:35 AM.
     1>Project "C:\Users\Zerophase\Desktop\GameEngineProgramming\ExternalLibs\ois-v1-3\Win32\CommandLine\CommandLine_vc9.vcxproj" on node 2 (Build target(s)).
     1>ClCompile:
         C:\Program Files (x86)\Microsoft Visual Studio 12.0\VC\bin\x86_amd64\CL.exe /c /I..\..\includes /I..\CommandLine\ /Zi /nologo /W3 /WX- /Od /D WIN32 /D _DEBUG /D _CONSOLE /D _STLP_DEBUG /D _MBCS /Gm /EHsc /RTC1 /MDd /GS /fp:precise /Zc:wchar_t /Zc:forScope /Fo"x64\Debug\\" /Fd"x64\Debug\vc120.pdb" /Gd /TP /errorReport:prompt ..\..\demos\OISConsole.cpp
         OISConsole.cpp
     1>..\..\demos\OISConsole.cpp(358): error C2039: 'min' : is not a member of 'std'
     1>..\..\demos\OISConsole.cpp(358): error C3861: 'min': identifier not found
     1>Done Building Project "C:\Users\Zerophase\Desktop\GameEngineProgramming\ExternalLibs\ois-v1-3\Win32\CommandLine\CommandLine_vc9.vcxproj" (Build target(s)) -- FAILED.

Build FAILED.

Time Elapsed 00:00:02.26
